<?xml version="1.0" encoding="UTF-8"?>
<testng-results ignored="2" total="6" passed="3" failed="1" skipped="0">
  <reporter-output>
  </reporter-output>
  <suite started-at="2022-05-07T19:05:09 IST" name="Suite" finished-at="2022-05-07T19:05:25 IST" duration-ms="15620">
    <groups>
    </groups>
    <test started-at="2022-05-07T19:05:09 IST" name="Test" finished-at="2022-05-07T19:05:25 IST" duration-ms="15620">
      <class name="testclasses.LoiginPageTest">
        <test-method is-config="true" signature="initBrowser()[pri:0, instance:testclasses.LoiginPageTest@6950ed69]" started-at="2022-05-07T19:04:08 IST" name="initBrowser" finished-at="2022-05-07T19:05:09 IST" duration-ms="61397" status="PASS">
          <reporter-output>
          </reporter-output>
        </test-method> <!-- initBrowser -->
        <test-method is-config="true" signature="objectcreation()[pri:0, instance:testclasses.LoiginPageTest@6950ed69]" started-at="2022-05-07T19:05:09 IST" name="objectcreation" finished-at="2022-05-07T19:05:09 IST" duration-ms="138" status="PASS">
          <reporter-output>
          </reporter-output>
        </test-method> <!-- objectcreation -->
        <test-method signature="verifyLogin()[pri:1, instance:testclasses.LoiginPageTest@6950ed69]" started-at="2022-05-07T19:05:09 IST" name="verifyLogin" finished-at="2022-05-07T19:05:11 IST" duration-ms="2078" status="PASS">
          <reporter-output>
          </reporter-output>
        </test-method> <!-- verifyLogin -->
        <test-method signature="titleValidation()[pri:2, instance:testclasses.LoiginPageTest@6950ed69]" started-at="2022-05-07T19:05:11 IST" name="titleValidation" finished-at="2022-05-07T19:05:22 IST" duration-ms="10687" status="PASS">
          <reporter-output>
          </reporter-output>
        </test-method> <!-- titleValidation -->
        <test-method is-config="true" signature="tearDown()[pri:0, instance:testclasses.LoiginPageTest@6950ed69]" started-at="2022-05-07T19:05:26 IST" name="tearDown" finished-at="2022-05-07T19:05:30 IST" duration-ms="3725" status="PASS">
          <reporter-output>
          </reporter-output>
        </test-method> <!-- tearDown -->
      </class> <!-- testclasses.LoiginPageTest -->
      <class name="testclasses.DashBoardTest">
        <test-method is-config="true" signature="objectcreation()[pri:0, instance:testclasses.DashBoardTest@72ef8d15]" started-at="2022-05-07T19:05:22 IST" name="objectcreation" finished-at="2022-05-07T19:05:22 IST" duration-ms="10" status="PASS">
          <reporter-output>
          </reporter-output>
        </test-method> <!-- objectcreation -->
        <test-method signature="searchValidation()[pri:3, instance:testclasses.DashBoardTest@72ef8d15]" started-at="2022-05-07T19:05:22 IST" name="searchValidation" finished-at="2022-05-07T19:05:23 IST" duration-ms="907" status="PASS">
          <reporter-output>
          </reporter-output>
        </test-method> <!-- searchValidation -->
        <test-method signature="buyshearvalidation()[pri:4, instance:testclasses.DashBoardTest@72ef8d15]" started-at="2022-05-07T19:05:23 IST" name="buyshearvalidation" finished-at="2022-05-07T19:05:24 IST" duration-ms="1194" status="FAIL">
          <exception class="org.openqa.selenium.ElementClickInterceptedException">
            <message>
              <![CDATA[element click intercepted: Element <button type="button" class="button-outline button-blue">...</button> is not clickable at point (694, 479). Other element would receive the click: <div class="depth-table">...</div>
  (Session info: chrome=100.0.4896.127)
Build info: version: '4.1.3', revision: '7b1ebf28ef'
System info: host: 'DESKTOP-UVVSPQO', ip: '192.168.101.115', os.name: 'Windows 10', os.arch: 'amd64', os.version: '10.0', java.version: '17.0.1'
Driver info: org.openqa.selenium.chrome.ChromeDriver
Command: [d40cd442d53d1d0203a05930a774b0ac, clickElement {id=43bf3f74-9657-41ee-b3e8-280f26ace0b4}]
Capabilities {acceptInsecureCerts: false, browserName: chrome, browserVersion: 100.0.4896.127, chrome: {chromedriverVersion: 100.0.4896.60 (6a5d10861ce8..., userDataDir: C:\Users\ADMIN$\AppData\Loc...}, goog:chromeOptions: {debuggerAddress: localhost:52926}, javascriptEnabled: true, networkConnectionEnabled: false, pageLoadStrategy: normal, platform: WINDOWS, platformName: WINDOWS, proxy: Proxy(), se:cdp: ws://localhost:52926/devtoo..., se:cdpVersion: 100.0.4896.127, setWindowRect: true, strictFileInteractability: false, timeouts: {implicit: 0, pageLoad: 300000, script: 30000}, unhandledPromptBehavior: dismiss and notify, webauthn:extension:credBlob: true, webauthn:extension:largeBlob: true, webauthn:virtualAuthenticators: true}
Element: [[ChromeDriver: chrome on WINDOWS (d40cd442d53d1d0203a05930a774b0ac)] -> xpath: //*[@class='eight columns text-right']//*[@class='button-outline button-blue']]
Session ID: d40cd442d53d1d0203a05930a774b0ac]]>
            </message>
            <full-stacktrace>
              <![CDATA[org.openqa.selenium.ElementClickInterceptedException: element click intercepted: Element <button type="button" class="button-outline button-blue">...</button> is not clickable at point (694, 479). Other element would receive the click: <div class="depth-table">...</div>
  (Session info: chrome=100.0.4896.127)
Build info: version: '4.1.3', revision: '7b1ebf28ef'
System info: host: 'DESKTOP-UVVSPQO', ip: '192.168.101.115', os.name: 'Windows 10', os.arch: 'amd64', os.version: '10.0', java.version: '17.0.1'
Driver info: org.openqa.selenium.chrome.ChromeDriver
Command: [d40cd442d53d1d0203a05930a774b0ac, clickElement {id=43bf3f74-9657-41ee-b3e8-280f26ace0b4}]
Capabilities {acceptInsecureCerts: false, browserName: chrome, browserVersion: 100.0.4896.127, chrome: {chromedriverVersion: 100.0.4896.60 (6a5d10861ce8..., userDataDir: C:\Users\ADMIN$\AppData\Loc...}, goog:chromeOptions: {debuggerAddress: localhost:52926}, javascriptEnabled: true, networkConnectionEnabled: false, pageLoadStrategy: normal, platform: WINDOWS, platformName: WINDOWS, proxy: Proxy(), se:cdp: ws://localhost:52926/devtoo..., se:cdpVersion: 100.0.4896.127, setWindowRect: true, strictFileInteractability: false, timeouts: {implicit: 0, pageLoad: 300000, script: 30000}, unhandledPromptBehavior: dismiss and notify, webauthn:extension:credBlob: true, webauthn:extension:largeBlob: true, webauthn:virtualAuthenticators: true}
Element: [[ChromeDriver: chrome on WINDOWS (d40cd442d53d1d0203a05930a774b0ac)] -> xpath: //*[@class='eight columns text-right']//*[@class='button-outline button-blue']]
Session ID: d40cd442d53d1d0203a05930a774b0ac
at java.base/jdk.internal.reflect.NativeConstructorAccessorImpl.newInstance0(Native Method)
at java.base/jdk.internal.reflect.NativeConstructorAccessorImpl.newInstance(NativeConstructorAccessorImpl.java:77)
at java.base/jdk.internal.reflect.DelegatingConstructorAccessorImpl.newInstance(DelegatingConstructorAccessorImpl.java:45)
at java.base/java.lang.reflect.Constructor.newInstanceWithCaller(Constructor.java:499)
at java.base/java.lang.reflect.Constructor.newInstance(Constructor.java:480)
at org.openqa.selenium.remote.codec.w3c.W3CHttpResponseCodec.createException(W3CHttpResponseCodec.java:200)
at org.openqa.selenium.remote.codec.w3c.W3CHttpResponseCodec.decode(W3CHttpResponseCodec.java:133)
at org.openqa.selenium.remote.codec.w3c.W3CHttpResponseCodec.decode(W3CHttpResponseCodec.java:53)
at org.openqa.selenium.remote.HttpCommandExecutor.execute(HttpCommandExecutor.java:184)
at org.openqa.selenium.remote.service.DriverCommandExecutor.invokeExecute(DriverCommandExecutor.java:167)
at org.openqa.selenium.remote.service.DriverCommandExecutor.execute(DriverCommandExecutor.java:142)
at org.openqa.selenium.remote.RemoteWebDriver.execute(RemoteWebDriver.java:567)
at org.openqa.selenium.remote.RemoteWebElement.execute(RemoteWebElement.java:251)
at org.openqa.selenium.remote.RemoteWebElement.click(RemoteWebElement.java:77)
at java.base/jdk.internal.reflect.NativeMethodAccessorImpl.invoke0(Native Method)
at java.base/jdk.internal.reflect.NativeMethodAccessorImpl.invoke(NativeMethodAccessorImpl.java:77)
at java.base/jdk.internal.reflect.DelegatingMethodAccessorImpl.invoke(DelegatingMethodAccessorImpl.java:43)
at java.base/java.lang.reflect.Method.invoke(Method.java:568)
at org.openqa.selenium.support.pagefactory.internal.LocatingElementHandler.invoke(LocatingElementHandler.java:52)
at jdk.proxy2/jdk.proxy2.$Proxy17.click(Unknown Source)
at pages.DashBoard.buyshears(DashBoard.java:58)
at testclasses.DashBoardTest.buyshearvalidation(DashBoardTest.java:21)
at java.base/jdk.internal.reflect.NativeMethodAccessorImpl.invoke0(Native Method)
at java.base/jdk.internal.reflect.NativeMethodAccessorImpl.invoke(NativeMethodAccessorImpl.java:77)
at java.base/jdk.internal.reflect.DelegatingMethodAccessorImpl.invoke(DelegatingMethodAccessorImpl.java:43)
at java.base/java.lang.reflect.Method.invoke(Method.java:568)
at org.testng.internal.invokers.MethodInvocationHelper.invokeMethod(MethodInvocationHelper.java:135)
at org.testng.internal.invokers.TestInvoker.invokeMethod(TestInvoker.java:673)
at org.testng.internal.invokers.TestInvoker.invokeTestMethod(TestInvoker.java:220)
at org.testng.internal.invokers.MethodRunner.runInSequence(MethodRunner.java:50)
at org.testng.internal.invokers.TestInvoker$MethodInvocationAgent.invoke(TestInvoker.java:945)
at org.testng.internal.invokers.TestInvoker.invokeTestMethods(TestInvoker.java:193)
at org.testng.internal.invokers.TestMethodWorker.invokeTestMethods(TestMethodWorker.java:146)
at org.testng.internal.invokers.TestMethodWorker.run(TestMethodWorker.java:128)
at java.base/java.util.ArrayList.forEach(ArrayList.java:1511)
at org.testng.TestRunner.privateRun(TestRunner.java:808)
at org.testng.TestRunner.run(TestRunner.java:603)
at org.testng.SuiteRunner.runTest(SuiteRunner.java:429)
at org.testng.SuiteRunner.runSequentially(SuiteRunner.java:423)
at org.testng.SuiteRunner.privateRun(SuiteRunner.java:383)
at org.testng.SuiteRunner.run(SuiteRunner.java:326)
at org.testng.SuiteRunnerWorker.runSuite(SuiteRunnerWorker.java:52)
at org.testng.SuiteRunnerWorker.run(SuiteRunnerWorker.java:95)
at org.testng.TestNG.runSuitesSequentially(TestNG.java:1249)
at org.testng.TestNG.runSuitesLocally(TestNG.java:1169)
at org.testng.TestNG.runSuites(TestNG.java:1092)
at org.testng.TestNG.run(TestNG.java:1060)
at org.testng.remote.AbstractRemoteTestNG.run(AbstractRemoteTestNG.java:115)
at org.testng.remote.RemoteTestNG.initAndRun(RemoteTestNG.java:251)
at org.testng.remote.RemoteTestNG.main(RemoteTestNG.java:77)
]]>
            </full-stacktrace>
          </exception> <!-- org.openqa.selenium.ElementClickInterceptedException -->
          <reporter-output>
          </reporter-output>
        </test-method> <!-- buyshearvalidation -->
      </class> <!-- testclasses.DashBoardTest -->
    </test> <!-- Test -->
  </suite> <!-- Suite -->
</testng-results>
